--- Manim Render Output for Segment4Scene ---
STDOUT:
Manim Community v0.20.1

[04/02/26 00:29:04] WARNING  Output format changed to '.mov' to   utils.py:1449
                             support transparency                              
                    INFO     Animation 0 : Partial     scene_file_writer.py:601
                             movie file written in                             
                             'D:\2026\POCs\EduReelADK\                         
                             output\00d65f90\manim\out                         
                             put\00d65f90\manim\videos                         
                             \segment_4\480p15\partial                         
                             _movie_files\Segment4Scen                         
                             e\3543656982_3038845287_2                         
                             23132457.mov'                                     
                    INFO     Animation 1 : Partial     scene_file_writer.py:601
                             movie file written in                             
                             'D:\2026\POCs\EduReelADK\                         
                             output\00d65f90\manim\out                         
                             put\00d65f90\manim\videos                         
                             \segment_4\480p15\partial                         
                             _movie_files\Segment4Scen                         
                             e\1747226900_1081798774_1                         
                             484339071.mov'                                    
                    INFO     Animation 2 : Partial     scene_file_writer.py:601
                             movie file written in                             
                             'D:\2026\POCs\EduReelADK\                         
                             output\00d65f90\manim\out                         
                             put\00d65f90\manim\videos                         
                             \segment_4\480p15\partial                         
                             _movie_files\Segment4Scen                         
                             e\1747226900_3394500337_3                         
                             794712036.mov'                                    
                    INFO     Animation 3 : Partial     scene_file_writer.py:601
                             movie file written in                             
                             'D:\2026\POCs\EduReelADK\                         
                             output\00d65f90\manim\out                         
                             put\00d65f90\manim\videos                         
                             \segment_4\480p15\partial                         
                             _movie_files\Segment4Scen                         
                             e\1747226900_2144214431_2                         
                             873729818.mov'                                    
                    INFO     Animation 4 : Partial     scene_file_writer.py:601
                             movie file written in                             
                             'D:\2026\POCs\EduReelADK\                         
                             output\00d65f90\manim\out                         
                             put\00d65f90\manim\videos                         
                             \segment_4\480p15\partial                         
                             _movie_files\Segment4Scen                         
                             e\1747226900_3902733901_2                         
                             10259938.mov'                                     
                    INFO     Writing                    tex_file_writing.py:110
                             \special{dvisvgm:raw <g                           
                             id='unique000'>}6CO_2 +                           
                             6H_2O\special{dvisvgm:raw                         
                             </g>} to                                          
                             output\00d65f90\manim\Tex\                        
                             dc048cba923fb89a.tex                              
[04/02/26 00:29:06] INFO     Writing                    tex_file_writing.py:110
                             \special{dvisvgm:raw <g                           
                             id='unique000'>}\xrightarr                        
                             ow{}\special{dvisvgm:raw                          
                             </g>} to                                          
                             output\00d65f90\manim\Tex\                        
                             96538de2f99fc153.tex                              
[04/02/26 00:29:07] INFO     Writing                    tex_file_writing.py:110
                             \special{dvisvgm:raw <g                           
                             id='unique000'>}Light                             
                             Energy\special{dvisvgm:raw                        
                             </g>} to                                          
                             output\00d65f90\manim\Tex\                        
                             4b941de8290e7460.tex                              
[04/02/26 00:29:09] INFO     Writing                    tex_file_writing.py:110
                             \special{dvisvgm:raw <g                           
                             id='unique000'>}C_6H_{12}O                        
                             _6 +                                              
                             6O_2\special{dvisvgm:raw                          
                             </g>} to                                          
                             output\00d65f90\manim\Tex\                        
                             5e95db8d2c4d235b.tex                              
[04/02/26 00:29:10] INFO     Animation 5 : Partial     scene_file_writer.py:601
                             movie file written in                             
                             'D:\2026\POCs\EduReelADK\                         
                             output\00d65f90\manim\out                         
                             put\00d65f90\manim\videos                         
                             \segment_4\480p15\partial                         
                             _movie_files\Segment4Scen                         
                             e\1747226900_598974014_69                         
                             1969773.mov'                                      
                    INFO     Animation 6 : Partial     scene_file_writer.py:601
                             movie file written in                             
                             'D:\2026\POCs\EduReelADK\                         
                             output\00d65f90\manim\out                         
                             put\00d65f90\manim\videos                         
                             \segment_4\480p15\partial                         
                             _movie_files\Segment4Scen                         
                             e\1747226900_4217992463_1                         
                             346743663.mov'                                    
                    INFO     Animation 7 : Partial     scene_file_writer.py:601
                             movie file written in                             
                             'D:\2026\POCs\EduReelADK\                         
                             output\00d65f90\manim\out                         
                             put\00d65f90\manim\videos                         
                             \segment_4\480p15\partial                         
                             _movie_files\Segment4Scen                         
                             e\1747226900_355685299_10                         
                             57677481.mov'                                     
                    INFO     Animation 8 : Partial     scene_file_writer.py:601
                             movie file written in                             
                             'D:\2026\POCs\EduReelADK\                         
                             output\00d65f90\manim\out                         
                             put\00d65f90\manim\videos                         
                             \segment_4\480p15\partial                         
                             _movie_files\Segment4Scen                         
                             e\1747226900_4217992463_1                         
                             404394858.mov'                                    
[04/02/26 00:29:11] INFO     Animation 9 : Partial     scene_file_writer.py:601
                             movie file written in                             
                             'D:\2026\POCs\EduReelADK\                         
                             output\00d65f90\manim\out                         
                             put\00d65f90\manim\videos                         
                             \segment_4\480p15\partial                         
                             _movie_files\Segment4Scen                         
                             e\1747226900_381115030_12                         
                             01833553.mov'                                     
                    INFO     Animation 10 : Partial    scene_file_writer.py:601
                             movie file written in                             
                             'D:\2026\POCs\EduReelADK\                         
                             output\00d65f90\manim\out                         
                             put\00d65f90\manim\videos                         
                             \segment_4\480p15\partial                         
                             _movie_files\Segment4Scen                         
                             e\1747226900_4217992463_1                         
                             510167396.mov'                                    
                    INFO     Animation 11 : Partial    scene_file_writer.py:601
                             movie file written in                             
                             'D:\2026\POCs\EduReelADK\                         
                             output\00d65f90\manim\out                         
                             put\00d65f90\manim\videos                         
                             \segment_4\480p15\partial                         
                             _movie_files\Segment4Scen                         
                             e\1747226900_439865433_22                         
                             17050310.mov'                                     
                    INFO     Animation 12 : Partial    scene_file_writer.py:601
                             movie file written in                             
                             'D:\2026\POCs\EduReelADK\                         
                             output\00d65f90\manim\out                         
                             put\00d65f90\manim\videos                         
                             \segment_4\480p15\partial                         
                             _movie_files\Segment4Scen                         
                             e\1747226900_4217992463_3                         
                             828000987.mov'                                    
                    INFO     Combining to Movie file.  scene_file_writer.py:753
                    INFO                               scene_file_writer.py:904
                             File ready at                                     
                             'D:\2026\POCs\EduReelADK\                         
                             output\00d65f90\manim\out                         
                             put\00d65f90\manim\videos                         
                             \segment_4\480p15\Segment                         
                             4Scene.mov'                                       
                                                                               
                    INFO     Rendered Segment4Scene                scene.py:278
                             Played 13 animations                              

STDERR:

Animation 0: FadeIn(VGroup of 2 submobjects):   0%|          | 0/12 [00:00<?, ?it/s]
                                                                                    

Animation 1: Create(Arrow):   0%|          | 0/12 [00:00<?, ?it/s]
                                                                  

Animation 3: FadeOut(Group):   0%|          | 0/12 [00:00<?, ?it/s]
                                                                   

Animation 5: Write(MathTex('6CO_2 + 6H_2O')):   0%|          | 0/15 [00:00<?, ?it/s]
                                                                                    

Animation 7: FadeIn(VGroup of 2 submobjects):   0%|          | 0/15 [00:00<?, ?it/s]
                                                                                    

Animation 9: Write(MathTex('C_6H_{12}O_6 + 6O_2')):   0%|          | 0/15 [00:00<?, ?it/s]
                                                                                          

Animation 11: _MethodAnimation(VGroup of 4 submobjects):   0%|          | 0/15 [00:00<?, ?it/s]
                                                                                               
--------------------------------------------------
