--- Manim Render Output for Segment2Scene ---
STDOUT:
Manim Community v0.20.1

[04/06/26 22:08:14] WARNING  Output format changed to '.mov' to   utils.py:1449
                             support transparency                              
                    INFO     Writing                    tex_file_writing.py:110
                             \special{dvisvgm:raw <g                           
                             id='unique000'>}Photosynth                        
                             esis\special{dvisvgm:raw                          
                             </g>} to                                          
                             output\16fa6e8d\manim\Tex\                        
                             fdcf71a97cf5598d.tex                              

STDERR:
+--------------------- Traceback (most recent call last) ---------------------+
| C:\Users\rpriy\AppData\Local\Programs\Python\Python311\Lib\site-packages\ma |
| nim\cli\render\commands.py:125 in render                                    |
|                                                                             |
|   122             try:                                                      |
|   123                 with tempconfig({}):                                  |
|   124                     scene = SceneClass()                              |
| > 125                     scene.render()                                    |
|   126             except Exception:                                         |
|   127                 error_console.print_exception()                       |
|   128                 sys.exit(1)                                           |
|                                                                             |
| C:\Users\rpriy\AppData\Local\Programs\Python\Python311\Lib\site-packages\ma |
| nim\scene\scene.py:259 in render                                            |
|                                                                             |
|    256         """                                                          |
|    257         self.setup()                                                 |
|    258         try:                                                         |
| >  259             self.construct()                                         |
|    260         except EndSceneEarlyException:                               |
|    261             pass                                                     |
|    262         except RerunSceneException:                                  |
|                                                                             |
| D:\2026\POCs\EduReelADK\output\16fa6e8d\manim\segment_2.py:14 in construct  |
|                                                                             |
|   11                                                                        |
|   12         # \u2500\u2500\u2500 SETUP \u2500\u2500\u2500\u2500\u2500\u2500\u2500\u2500\u2500\u2500\u2500\u2500\u2500\u2500\u2500\u2500\u2500\u2500\u2500\u2500\u2500\u2500\u2500\u2500\u2500\u2500\u2500\u2500\u2500\u2500\u2500\u2500\u2500\u2500\u2500\u2500\u2500\u2500\u2500\u2500\u2500\u2500\u2500\u2500\u2500\u2500\u2500\u2500\u2500\u2500 |
|   13         # Title                                                        |
| > 14         title = Tex("Photosynthesis", font_size=52, color=TEXT_COLOR,  |
|   15         underline = Line(                                              |
|   16             title.get_left() + DOWN * 0.2,                             |
|   17             title.get_right() + DOWN * 0.2,                            |
|                                                                             |
| C:\Users\rpriy\AppData\Local\Programs\Python\Python311\Lib\site-packages\ma |
| nim\mobject\text\tex_mobject.py:631 in __init__                             |
|                                                                             |
|   628         tex_environment: str | None = "center",                       |
|   629         **kwargs: Any,                                                |
|   630     ):                                                                |
| > 631         super().__init__(                                             |
|   632             *tex_strings,                                             |
|   633             arg_separator=arg_separator,                              |
|   634             tex_environment=tex_environment,                          |
|                                                                             |
| C:\Users\rpriy\AppData\Local\Programs\Python\Python311\Lib\site-packages\ma |
| nim\mobject\text\tex_mobject.py:306 in __init__                             |
|                                                                             |
|   303             joined_string = self._join_tex_strings_with_unique_delimi |
|   304                 self.tex_strings, self.substrings_to_isolate          |
|   305             )                                                         |
| > 306             super().__init__(                                         |
|   307                 joined_string,                                        |
|   308                 tex_environment=self.tex_environment,                 |
|   309                 tex_template=self.tex_template,                       |
|                                                                             |
| C:\Users\rpriy\AppData\Local\Programs\Python\Python311\Lib\site-packages\ma |
| nim\mobject\text\tex_mobject.py:86 in __init__                              |
|                                                                             |
|    83             environment=self.tex_environment,                         |
|    84             tex_template=self.tex_template,                           |
|    85         )                                                             |
| >  86         super().__init__(                                             |
|    87             file_name=file_name,                                      |
|    88             should_center=should_center,                              |
|    89             stroke_width=stroke_width,                                |
|                                                                             |
| C:\Users\rpriy\AppData\Local\Programs\Python\Python311\Lib\site-packages\ma |
| nim\mobject\svg\svg_mobject.py:115 in __init__                              |
|                                                                             |
|   112         use_svg_cache: bool = True,                                   |
|   113         **kwargs: Any,                                                |
|   114     ):                                                                |
| > 115         super().__init__(color=None, stroke_color=None, fill_color=No |
|   116                                                                       |
|   117         # process keyword arguments                                   |
|   118         self.file_name = Path(file_name) if file_name is not None els |
|                                                                             |
| C:\Users\rpriy\AppData\Local\Programs\Python\Python311\Lib\site-packages\ma |
| nim\mobject\types\vectorized_mobject.py:160 in __init__                     |
|                                                                             |
|    157             0, 1, n_points_per_cubic_curve                           |
|    158         )                                                            |
|    159         self.cap_style: CapStyleType = cap_style                     |
| >  160         super().__init__(**kwargs)                                   |
|    161         self.submobjects: list[VMobject]                             |
|    162                                                                      |
|    163         # TODO: Find where color overwrites are happening and remove |
+-----------------------------------------------------------------------------+
TypeError: Mobject.__init__() got an unexpected keyword argument 'weight'
--------------------------------------------------
--- Manim Render Output for Segment2Scene ---
STDOUT:
Manim Community v0.20.1

[04/06/26 22:09:58] WARNING  Output format changed to '.mov' to   utils.py:1449
                             support transparency                              
[04/06/26 22:10:01] INFO     Writing                    tex_file_writing.py:110
                             \special{dvisvgm:raw <g                           
                             id='unique000'>}CO_2\speci                        
                             al{dvisvgm:raw </g>} to                           
                             output\16fa6e8d\manim\Tex\                        
                             7e5b6321d77ab170.tex                              
[04/06/26 22:10:03] INFO     Writing                    tex_file_writing.py:110
                             \special{dvisvgm:raw <g                           
                             id='unique000'>}H_2O\speci                        
                             al{dvisvgm:raw </g>} to                           
                             output\16fa6e8d\manim\Tex\                        
                             7fd8873e34ca3ec8.tex                              
[04/06/26 22:10:05] INFO     Animation 0 : Partial     scene_file_writer.py:601
                             movie file written in                             
                             'D:\2026\POCs\EduReelADK\                         
                             output\16fa6e8d\manim\out                         
                             put\16fa6e8d\manim\videos                         
                             \segment_2\480p15\partial                         
                             _movie_files\Segment2Scen                         
                             e\3543656982_1306575841_2                         
                             23132457.mov'                                     
                    INFO     Animation 1 : Partial     scene_file_writer.py:601
                             movie file written in                             
                             'D:\2026\POCs\EduReelADK\                         
                             output\16fa6e8d\manim\out                         
                             put\16fa6e8d\manim\videos                         
                             \segment_2\480p15\partial                         
                             _movie_files\Segment2Scen                         
                             e\1747226900_3585970359_7                         
                             91828306.mov'                                     
[04/06/26 22:10:06] INFO     Animation 2 : Partial     scene_file_writer.py:601
                             movie file written in                             
                             'D:\2026\POCs\EduReelADK\                         
                             output\16fa6e8d\manim\out                         
                             put\16fa6e8d\manim\videos                         
                             \segment_2\480p15\partial                         
                             _movie_files\Segment2Scen                         
                             e\1747226900_2600693059_2                         
                             300172827.mov'                                    
                    INFO     Animation 3 : Partial     scene_file_writer.py:601
                             movie file written in                             
                             'D:\2026\POCs\EduReelADK\                         
                             output\16fa6e8d\manim\out                         
                             put\16fa6e8d\manim\videos                         
                             \segment_2\480p15\partial                         
                             _movie_files\Segment2Scen                         
                             e\1747226900_2318836581_3                         
                             189591950.mov'                                    
                    INFO     Animation 4 : Partial     scene_file_writer.py:601
                             movie file written in                             
                             'D:\2026\POCs\EduReelADK\                         
                             output\16fa6e8d\manim\out                         
                             put\16fa6e8d\manim\videos                         
                             \segment_2\480p15\partial                         
                             _movie_files\Segment2Scen                         
                             e\1747226900_1226688473_2                         
                             983610475.mov'                                    
                    INFO     Animation 5 : Partial     scene_file_writer.py:601
                             movie file written in                             
                             'D:\2026\POCs\EduReelADK\                         
                             output\16fa6e8d\manim\out                         
                             put\16fa6e8d\manim\videos                         
                             \segment_2\480p15\partial                         
                             _movie_files\Segment2Scen                         
                             e\1747226900_2318836581_2                         
                             217825856.mov'                                    
                    INFO     Animation 6 : Partial     scene_file_writer.py:601
                             movie file written in                             
                             'D:\2026\POCs\EduReelADK\                         
                             output\16fa6e8d\manim\out                         
                             put\16fa6e8d\manim\videos                         
                             \segment_2\480p15\partial                         
                             _movie_files\Segment2Scen                         
                             e\1747226900_103226472_13                         
                             09215591.mov'                                     
                    INFO     Animation 7 : Partial     scene_file_writer.py:601
                             movie file written in                             
                             'D:\2026\POCs\EduReelADK\                         
                             output\16fa6e8d\manim\out                         
                             put\16fa6e8d\manim\videos                         
                             \segment_2\480p15\partial                         
                             _movie_files\Segment2Scen                         
                             e\1747226900_2318836581_4                         
                             08266302.mov'                                     
                    INFO     Animation 8 : Partial     scene_file_writer.py:601
                             movie file written in                             
                             'D:\2026\POCs\EduReelADK\                         
                             output\16fa6e8d\manim\out                         
                             put\16fa6e8d\manim\videos                         
                             \segment_2\480p15\partial                         
                             _movie_files\Segment2Scen                         
                             e\1747226900_118135352_31                         
                             72522893.mov'                                     
                    INFO     Animation 9 : Partial     scene_file_writer.py:601
                             movie file written in                             
                             'D:\2026\POCs\EduReelADK\                         
                             output\16fa6e8d\manim\out                         
                             put\16fa6e8d\manim\videos                         
                             \segment_2\480p15\partial                         
                             _movie_files\Segment2Scen                         
                             e\1747226900_3932249147_3                         
                             42691607.mov'                                     
[04/06/26 22:10:07] INFO     Animation 10 : Partial    scene_file_writer.py:601
                             movie file written in                             
                             'D:\2026\POCs\EduReelADK\                         
                             output\16fa6e8d\manim\out                         
                             put\16fa6e8d\manim\videos                         
                             \segment_2\480p15\partial                         
                             _movie_files\Segment2Scen                         
                             e\1747226900_3875741257_6                         
                             99246801.mov'                                     
                    INFO     Animation 11 : Partial    scene_file_writer.py:601
                             movie file written in                             
                             'D:\2026\POCs\EduReelADK\                         
                             output\16fa6e8d\manim\out                         
                             put\16fa6e8d\manim\videos                         
                             \segment_2\480p15\partial                         
                             _movie_files\Segment2Scen                         
                             e\1747226900_3394500337_6                         
                             31829896.mov'                                     
                    INFO     Combining to Movie file.  scene_file_writer.py:753
                    INFO                               scene_file_writer.py:904
                             File ready at                                     
                             'D:\2026\POCs\EduReelADK\                         
                             output\16fa6e8d\manim\out                         
                             put\16fa6e8d\manim\videos                         
                             \segment_2\480p15\Segment                         
                             2Scene.mov'                                       
                                                                               
                    INFO     Rendered Segment2Scene                scene.py:278
                             Played 12 animations                              

STDERR:

Animation 0: Write(Text('Photosynthesis')):   0%|          | 0/18 [00:00<?, ?it/s]
                                                                                  

Animation 2: FadeIn(Line):   0%|          | 0/9 [00:00<?, ?it/s]
                                                                

Animation 4: Create(VGroup of 4 submobjects):   0%|          | 0/18 [00:00<?, ?it/s]
                                                                                    

Animation 6: LaggedStart(Group), etc.:   0%|          | 0/23 [00:00<?, ?it/s]
                                                                             

Animation 8: LaggedStart(Group), etc.:   0%|          | 0/23 [00:00<?, ?it/s]
                                                                             

Animation 10: FadeOut(Text('Photosynthesis')), etc.:   0%|          | 0/9 [00:00<?, ?it/s]
                                                                                          
--------------------------------------------------
