--- Manim Render Output for Segment3Scene ---
STDOUT:
Manim Community v0.20.1

[04/02/26 00:18:48] WARNING  Output format changed to '.mov' to   utils.py:1449
                             support transparency                              

STDERR:
+--------------------- Traceback (most recent call last) ---------------------+
| C:\Users\rpriy\AppData\Local\Programs\Python\Python311\Lib\site-packages\ma |
| nim\cli\render\commands.py:125 in render                                    |
|                                                                             |
|   122             try:                                                      |
|   123                 with tempconfig({}):                                  |
|   124                     scene = SceneClass()                              |
| > 125                     scene.render()                                    |
|   126             except Exception:                                         |
|   127                 error_console.print_exception()                       |
|   128                 sys.exit(1)                                           |
|                                                                             |
| C:\Users\rpriy\AppData\Local\Programs\Python\Python311\Lib\site-packages\ma |
| nim\scene\scene.py:259 in render                                            |
|                                                                             |
|    256         """                                                          |
|    257         self.setup()                                                 |
|    258         try:                                                         |
| >  259             self.construct()                                         |
|    260         except EndSceneEarlyException:                               |
|    261             pass                                                     |
|    262         except RerunSceneException:                                  |
|                                                                             |
| D:\2026\POCs\EduReelADK\output\c75fd7e9\manim\segment_3.py:31 in construct  |
|                                                                             |
|    28                                                                       |
|    29         # Stylized roots                                              |
|    30         roots = VGroup(                                               |
| >  31             Line(leaf.get_bottom() + DOWN * 0.1, leaf.get_bottom() +  |
|    32             Line(leaf.get_bottom() + DOWN * 0.1, leaf.get_bottom() +  |
|    33             Line(leaf.get_bottom() + DOWN * 0.8, leaf.get_bottom() +  |
|    34         ).set_stroke(width=4)                                         |
+-----------------------------------------------------------------------------+
NameError: name 'BROWN' is not defined
--------------------------------------------------
