--- Manim Render Output for Segment3Scene ---
STDOUT:
Manim Community v0.20.1

[04/06/26 20:25:42] WARNING  Output format changed to '.mov' to   utils.py:1449
                             support transparency                              

STDERR:
+--------------------- Traceback (most recent call last) ---------------------+
| C:\Users\rpriy\AppData\Local\Programs\Python\Python311\Lib\site-packages\ma |
| nim\cli\render\commands.py:125 in render                                    |
|                                                                             |
|   122             try:                                                      |
|   123                 with tempconfig({}):                                  |
|   124                     scene = SceneClass()                              |
| > 125                     scene.render()                                    |
|   126             except Exception:                                         |
|   127                 error_console.print_exception()                       |
|   128                 sys.exit(1)                                           |
|                                                                             |
| C:\Users\rpriy\AppData\Local\Programs\Python\Python311\Lib\site-packages\ma |
| nim\scene\scene.py:259 in render                                            |
|                                                                             |
|    256         """                                                          |
|    257         self.setup()                                                 |
|    258         try:                                                         |
| >  259             self.construct()                                         |
|    260         except EndSceneEarlyException:                               |
|    261             pass                                                     |
|    262         except RerunSceneException:                                  |
|                                                                             |
| D:\2026\POCs\EduReelADK\output\abf5dee1\manim\segment_3.py:27 in construct  |
|                                                                             |
|    24         main_root = Line(root_start, root_start + DOWN * 2, color=roo |
|    25         roots_diagram.add(main_root)                                  |
|    26         for i in range(1, 4):                                         |
| >  27             branch_start = main_root.get_point(i/3.5)                 |
|    28             roots_diagram.add(Line(branch_start, branch_start + LEFT  |
|    29             roots_diagram.add(Line(branch_start, branch_start + RIGHT |
|    30                                                                       |
+-----------------------------------------------------------------------------+
TypeError: Mobject.__getattr__.<locals>.getter() takes 1 positional argument 
but 2 were given
--------------------------------------------------
--- Manim Render Output for Segment3Scene ---
STDOUT:
Manim Community v0.20.1

[04/06/26 20:26:29] WARNING  Output format changed to '.mov' to   utils.py:1449
                             support transparency                              
                    INFO     Writing                    tex_file_writing.py:110
                             \special{dvisvgm:raw <g                           
                             id='unique000'>}CO_2\speci                        
                             al{dvisvgm:raw </g>} to                           
                             output\abf5dee1\manim\Tex\                        
                             7e5b6321d77ab170.tex                              
[04/06/26 20:26:31] INFO     Writing                    tex_file_writing.py:110
                             \special{dvisvgm:raw <g                           
                             id='unique000'>}H_2O\speci                        
                             al{dvisvgm:raw </g>} to                           
                             output\abf5dee1\manim\Tex\                        
                             7fd8873e34ca3ec8.tex                              
[04/06/26 20:26:33] INFO     Animation 0 : Partial     scene_file_writer.py:601
                             movie file written in                             
                             'D:\2026\POCs\EduReelADK\                         
                             output\abf5dee1\manim\out                         
                             put\abf5dee1\manim\videos                         
                             \segment_3\480p15\partial                         
                             _movie_files\Segment3Scen                         
                             e\3543656982_4269862001_2                         
                             23132457.mov'                                     
                    INFO     Animation 1 : Partial     scene_file_writer.py:601
                             movie file written in                             
                             'D:\2026\POCs\EduReelADK\                         
                             output\abf5dee1\manim\out                         
                             put\abf5dee1\manim\videos                         
                             \segment_3\480p15\partial                         
                             _movie_files\Segment3Scen                         
                             e\1747226900_2514011427_2                         
                             212477199.mov'                                    
                    INFO     Animation 2 : Partial     scene_file_writer.py:601
                             movie file written in                             
                             'D:\2026\POCs\EduReelADK\                         
                             output\abf5dee1\manim\out                         
                             put\abf5dee1\manim\videos                         
                             \segment_3\480p15\partial                         
                             _movie_files\Segment3Scen                         
                             e\1747226900_3100868407_4                         
                             038162253.mov'                                    
                    INFO     Animation 3 : Partial     scene_file_writer.py:601
                             movie file written in                             
                             'D:\2026\POCs\EduReelADK\                         
                             output\abf5dee1\manim\out                         
                             put\abf5dee1\manim\videos                         
                             \segment_3\480p15\partial                         
                             _movie_files\Segment3Scen                         
                             e\1747226900_606933183_28                         
                             23378642.mov'                                     
                    INFO     Animation 4 : Partial     scene_file_writer.py:601
                             movie file written in                             
                             'D:\2026\POCs\EduReelADK\                         
                             output\abf5dee1\manim\out                         
                             put\abf5dee1\manim\videos                         
                             \segment_3\480p15\partial                         
                             _movie_files\Segment3Scen                         
                             e\1747226900_4217992463_1                         
                             170233681.mov'                                    
                    INFO     Combining to Movie file.  scene_file_writer.py:753
                    INFO                               scene_file_writer.py:904
                             File ready at                                     
                             'D:\2026\POCs\EduReelADK\                         
                             output\abf5dee1\manim\out                         
                             put\abf5dee1\manim\videos                         
                             \segment_3\480p15\Segment                         
                             3Scene.mov'                                       
                                                                               
                    INFO     Rendered Segment3Scene                scene.py:278
                             Played 5 animations                               

STDERR:

Animation 0: Create(Ellipse), etc.:   0%|          | 0/23 [00:00<?, ?it/s]
                                                                          

Animation 2: AnimationGroup(Group):   0%|          | 0/45 [00:00<?, ?it/s]
Animation 2: AnimationGroup(Group):  40%|####      | 18/45 [00:00<00:00, 175.21it/s]
Animation 2: AnimationGroup(Group):  84%|########4 | 38/45 [00:00<00:00, 188.10it/s]
                                                                                    

Animation 3: FadeOut(VGroup of 5 submobjects), etc.:   0%|          | 0/8 [00:00<?, ?it/s]
                                                                                          
--------------------------------------------------
