--- Manim Render Output for Segment4Scene ---
STDOUT:
Manim Community v0.20.1

[04/06/26 20:26:35] WARNING  Output format changed to '.mov' to   utils.py:1449
                             support transparency                              
                    INFO     Animation 0 : Partial     scene_file_writer.py:601
                             movie file written in                             
                             'D:\2026\POCs\EduReelADK\                         
                             output\abf5dee1\manim\out                         
                             put\abf5dee1\manim\videos                         
                             \segment_4\480p15\partial                         
                             _movie_files\Segment4Scen                         
                             e\3543656982_387378272_22                         
                             3132457.mov'                                      
                    INFO     Animation 1 : Partial     scene_file_writer.py:601
                             movie file written in                             
                             'D:\2026\POCs\EduReelADK\                         
                             output\abf5dee1\manim\out                         
                             put\abf5dee1\manim\videos                         
                             \segment_4\480p15\partial                         
                             _movie_files\Segment4Scen                         
                             e\1747226900_2043360191_9                         
                             25708151.mov'                                     
                    INFO     Writing                    tex_file_writing.py:110
                             \special{dvisvgm:raw <g                           
                             id='unique000'>}6CO_2                             
                             \special{dvisvgm:raw                              
                             </g>}\special{dvisvgm:raw                         
                             <g id='unique001'>}+                              
                             \special{dvisvgm:raw                              
                             </g>}\special{dvisvgm:raw                         
                             <g id='unique002'>}6H_2O                          
                             \special{dvisvgm:raw                              
                             </g>}\special{dvisvgm:raw                         
                             <g id='unique003'>}+                              
                             \special{dvisvgm:raw                              
                             </g>}\special{dvisvgm:raw                         
                             <g                                                
                             id='unique004'>}\text{Ligh                        
                             t Energy}                                         
                             \special{dvisvgm:raw                              
                             </g>}\special{dvisvgm:raw                         
                             <g                                                
                             id='unique005'>}\rightarro                        
                             w \special{dvisvgm:raw                            
                             </g>}\special{dvisvgm:raw                         
                             <g                                                
                             id='unique006'>}C_6H_{12}O                        
                             _6 \special{dvisvgm:raw                           
                             </g>}\special{dvisvgm:raw                         
                             <g id='unique007'>}+                              
                             \special{dvisvgm:raw                              
                             </g>}\special{dvisvgm:raw                         
                             <g                                                
                             id='unique008'>}6O_2\speci                        
                             al{dvisvgm:raw </g>} to                           
                             output\abf5dee1\manim\Tex\                        
                             4457bc5aad619607.tex                              
[04/06/26 20:26:38] INFO     Animation 2 : Partial     scene_file_writer.py:601
                             movie file written in                             
                             'D:\2026\POCs\EduReelADK\                         
                             output\abf5dee1\manim\out                         
                             put\abf5dee1\manim\videos                         
                             \segment_4\480p15\partial                         
                             _movie_files\Segment4Scen                         
                             e\1747226900_2528138871_3                         
                             93508847.mov'                                     
                    INFO     Animation 3 : Partial     scene_file_writer.py:601
                             movie file written in                             
                             'D:\2026\POCs\EduReelADK\                         
                             output\abf5dee1\manim\out                         
                             put\abf5dee1\manim\videos                         
                             \segment_4\480p15\partial                         
                             _movie_files\Segment4Scen                         
                             e\1747226900_2514011427_3                         
                             359138912.mov'                                    
                    INFO     Animation 4 : Partial     scene_file_writer.py:601
                             movie file written in                             
                             'D:\2026\POCs\EduReelADK\                         
                             output\abf5dee1\manim\out                         
                             put\abf5dee1\manim\videos                         
                             \segment_4\480p15\partial                         
                             _movie_files\Segment4Scen                         
                             e\1747226900_2709312420_4                         
                             211843087.mov'                                    
                    INFO     Animation 5 : Partial     scene_file_writer.py:601
                             movie file written in                             
                             'D:\2026\POCs\EduReelADK\                         
                             output\abf5dee1\manim\out                         
                             put\abf5dee1\manim\videos                         
                             \segment_4\480p15\partial                         
                             _movie_files\Segment4Scen                         
                             e\1747226900_1811788150_3                         
                             91620845.mov'                                     
                    INFO     Animation 6 : Partial     scene_file_writer.py:601
                             movie file written in                             
                             'D:\2026\POCs\EduReelADK\                         
                             output\abf5dee1\manim\out                         
                             put\abf5dee1\manim\videos                         
                             \segment_4\480p15\partial                         
                             _movie_files\Segment4Scen                         
                             e\1747226900_2318836581_1                         
                             247900098.mov'                                    
[04/06/26 20:26:39] INFO     Animation 7 : Partial     scene_file_writer.py:601
                             movie file written in                             
                             'D:\2026\POCs\EduReelADK\                         
                             output\abf5dee1\manim\out                         
                             put\abf5dee1\manim\videos                         
                             \segment_4\480p15\partial                         
                             _movie_files\Segment4Scen                         
                             e\1747226900_2415878044_2                         
                             172033891.mov'                                    
                    INFO     Animation 8 : Partial     scene_file_writer.py:601
                             movie file written in                             
                             'D:\2026\POCs\EduReelADK\                         
                             output\abf5dee1\manim\out                         
                             put\abf5dee1\manim\videos                         
                             \segment_4\480p15\partial                         
                             _movie_files\Segment4Scen                         
                             e\1747226900_3967986664_2                         
                             637115331.mov'                                    
                    INFO     Animation 9 : Partial     scene_file_writer.py:601
                             movie file written in                             
                             'D:\2026\POCs\EduReelADK\                         
                             output\abf5dee1\manim\out                         
                             put\abf5dee1\manim\videos                         
                             \segment_4\480p15\partial                         
                             _movie_files\Segment4Scen                         
                             e\1747226900_234380733_28                         
                             4692526.mov'                                      
                    INFO     Animation 10 : Partial    scene_file_writer.py:601
                             movie file written in                             
                             'D:\2026\POCs\EduReelADK\                         
                             output\abf5dee1\manim\out                         
                             put\abf5dee1\manim\videos                         
                             \segment_4\480p15\partial                         
                             _movie_files\Segment4Scen                         
                             e\1747226900_4217992463_5                         
                             89825790.mov'                                     
                    INFO     Combining to Movie file.  scene_file_writer.py:753
                    INFO                               scene_file_writer.py:904
                             File ready at                                     
                             'D:\2026\POCs\EduReelADK\                         
                             output\abf5dee1\manim\out                         
                             put\abf5dee1\manim\videos                         
                             \segment_4\480p15\Segment                         
                             4Scene.mov'                                       
                                                                               
                    INFO     Rendered Segment4Scene                scene.py:278
                             Played 11 animations                              

STDERR:

Animation 0: Create(Polygon):   0%|          | 0/15 [00:00<?, ?it/s]
                                                                    

Animation 1: LaggedStart(Group):   0%|          | 0/15 [00:00<?, ?it/s]
                                                                       

Animation 2: Write(MathTex('6CO_2 + 6H_2O + \\text{Light Energy} \\rightarrow C_6H_{12}O_6 + 6O_2')):   0%|          | 0/23 [00:00<?, ?it/s]
Animation 2: Write(MathTex('6CO_2 + 6H_2O + \\text{Light Energy} \\rightarrow C_6H_{12}O_6 + 6O_2')):  78%|#######8  | 18/23 [00:00<00:00, 173.98it/s]
                                                                                                                                                      

Animation 4: FadeOut(VGroup of 4 submobjects):   0%|          | 0/8 [00:00<?, ?it/s]
                                                                                    

Animation 5: Indicate(VGroup of 7 submobjects), etc.:   0%|          | 0/18 [00:00<?, ?it/s]
                                                                                            

Animation 7: Indicate(VGroup of 3 submobjects):   0%|          | 0/15 [00:00<?, ?it/s]
                                                                                      

Animation 8: LaggedStart(Group):   0%|          | 0/8 [00:00<?, ?it/s]
                                                                      

Animation 9: LaggedStart(Group), etc.:   0%|          | 0/20 [00:00<?, ?it/s]
                                                                             
--------------------------------------------------
