--- Manim Render Output for Segment3Scene ---
STDOUT:
Manim Community v0.20.1

[04/06/26 21:46:16] WARNING  Output format changed to '.mov' to   utils.py:1449
                             support transparency                              
                    INFO     Writing                    tex_file_writing.py:110
                             \special{dvisvgm:raw <g                           
                             id='unique000'>}CO_2 +                            
                             H_2O\special{dvisvgm:raw                          
                             </g>} to                                          
                             output\0fbbdf57\manim\Tex\                        
                             493b238489e7bbd8.tex                              
[04/06/26 21:46:18] INFO     Writing                    tex_file_writing.py:110
                             \special{dvisvgm:raw <g                           
                             id='unique000'>}6CO_2 +                           
                             6H_2O\special{dvisvgm:raw                         
                             </g>} to                                          
                             output\0fbbdf57\manim\Tex\                        
                             dc048cba923fb89a.tex                              
[04/06/26 21:46:20] INFO     Writing                    tex_file_writing.py:110
                             \special{dvisvgm:raw <g                           
                             id='unique000'>}6CO_2 +                           
                             6H_2O                                             
                             \xrightarrow{\text{light                          
                             energy}}\special{dvisvgm:r                        
                             aw </g>} to                                       
                             output\0fbbdf57\manim\Tex\                        
                             27821855816deb0b.tex                              
[04/06/26 21:46:22] INFO     Writing                    tex_file_writing.py:110
                             \special{dvisvgm:raw <g                           
                             id='unique000'>}6CO_2 +                           
                             6H_2O                                             
                             \xrightarrow{\text{light                          
                             energy}} C_6H_{12}O_6 +                           
                             6O_2\special{dvisvgm:raw                          
                             </g>} to                                          
                             output\0fbbdf57\manim\Tex\                        
                             cf0273bbb90ae049.tex                              
[04/06/26 21:46:24] INFO     Animation 0 : Partial     scene_file_writer.py:601
                             movie file written in                             
                             'D:\2026\POCs\EduReelADK\                         
                             output\0fbbdf57\manim\out                         
                             put\0fbbdf57\manim\videos                         
                             \segment_3\480p15\partial                         
                             _movie_files\Segment3Scen                         
                             e\3543656982_3443065879_2                         
                             23132457.mov'                                     
                    INFO     Animation 1 : Partial     scene_file_writer.py:601
                             movie file written in                             
                             'D:\2026\POCs\EduReelADK\                         
                             output\0fbbdf57\manim\out                         
                             put\0fbbdf57\manim\videos                         
                             \segment_3\480p15\partial                         
                             _movie_files\Segment3Scen                         
                             e\1747226900_1133678094_3                         
                             476742750.mov'                                    
                    INFO     Animation 2 : Partial     scene_file_writer.py:601
                             movie file written in                             
                             'D:\2026\POCs\EduReelADK\                         
                             output\0fbbdf57\manim\out                         
                             put\0fbbdf57\manim\videos                         
                             \segment_3\480p15\partial                         
                             _movie_files\Segment3Scen                         
                             e\1747226900_2045637733_3                         
                             005724132.mov'                                    
                    INFO     Animation 3 : Partial     scene_file_writer.py:601
                             movie file written in                             
                             'D:\2026\POCs\EduReelADK\                         
                             output\0fbbdf57\manim\out                         
                             put\0fbbdf57\manim\videos                         
                             \segment_3\480p15\partial                         
                             _movie_files\Segment3Scen                         
                             e\1747226900_1505020558_7                         
                             98271921.mov'                                     
[04/06/26 21:46:25] INFO     Animation 4 : Partial     scene_file_writer.py:601
                             movie file written in                             
                             'D:\2026\POCs\EduReelADK\                         
                             output\0fbbdf57\manim\out                         
                             put\0fbbdf57\manim\videos                         
                             \segment_3\480p15\partial                         
                             _movie_files\Segment3Scen                         
                             e\1747226900_2950721455_1                         
                             853930156.mov'                                    
                    INFO     Combining to Movie file.  scene_file_writer.py:753
                    INFO                               scene_file_writer.py:904
                             File ready at                                     
                             'D:\2026\POCs\EduReelADK\                         
                             output\0fbbdf57\manim\out                         
                             put\0fbbdf57\manim\videos                         
                             \segment_3\480p15\Segment                         
                             3Scene.mov'                                       
                                                                               
                    INFO     Rendered Segment3Scene                scene.py:278
                             Played 5 animations                               

STDERR:

Animation 0: FadeIn(MathTex('CO_2 + H_2O')):   0%|          | 0/15 [00:00<?, ?it/s]
                                                                                   

Animation 1: ReplacementTransform(MathTex('CO_2 + H_2O')):   0%|          | 0/23 [00:00<?, ?it/s]
Animation 1: ReplacementTransform(MathTex('CO_2 + H_2O')): 100%|##########| 23/23 [00:00<00:00, 228.19it/s]
                                                                                                           

Animation 2: ReplacementTransform(MathTex('6CO_2 + 6H_2O')):   0%|          | 0/23 [00:00<?, ?it/s]
Animation 2: ReplacementTransform(MathTex('6CO_2 + 6H_2O')):  65%|######5   | 15/23 [00:00<00:00, 142.01it/s]
                                                                                                             

Animation 3: ReplacementTransform(MathTex('6CO_2 + 6H_2O \\xrightarrow{\\text{light energy}}')):   0%|          | 0/23 [00:00<?, ?it/s]
Animation 3: ReplacementTransform(MathTex('6CO_2 + 6H_2O \\xrightarrow{\\text{light energy}}')):  52%|#####2    | 12/23 [00:00<00:00, 112.30it/s]
                                                                                                                                                 
--------------------------------------------------
