--- Manim Render Output for Segment4Scene ---
STDOUT:
Manim Community v0.20.1

[04/06/26 20:58:28] WARNING  Output format changed to '.mov' to   utils.py:1449
                             support transparency                              
                    INFO     Writing                    tex_file_writing.py:110
                             \special{dvisvgm:raw <g                           
                             id='unique000'>}6CO_2                             
                             \special{dvisvgm:raw                              
                             </g>}\special{dvisvgm:raw                         
                             <g id='unique001'>}+                              
                             \special{dvisvgm:raw                              
                             </g>}\special{dvisvgm:raw                         
                             <g id='unique002'>}6H_2O                          
                             \special{dvisvgm:raw                              
                             </g>}\special{dvisvgm:raw                         
                             <g id='unique003'>}+                              
                             \special{dvisvgm:raw                              
                             </g>}\special{dvisvgm:raw                         
                             <g                                                
                             id='unique004'>}\text{Ligh                        
                             t Energy}                                         
                             \special{dvisvgm:raw                              
                             </g>}\special{dvisvgm:raw                         
                             <g                                                
                             id='unique005'>}\rightarro                        
                             w \special{dvisvgm:raw                            
                             </g>}\special{dvisvgm:raw                         
                             <g                                                
                             id='unique006'>}C_6H_{12}O                        
                             _6 \special{dvisvgm:raw                           
                             </g>}\special{dvisvgm:raw                         
                             <g id='unique007'>}+                              
                             \special{dvisvgm:raw                              
                             </g>}\special{dvisvgm:raw                         
                             <g                                                
                             id='unique008'>}6O_2\speci                        
                             al{dvisvgm:raw </g>} to                           
                             output\de60982e\manim\Tex\                        
                             4457bc5aad619607.tex                              

STDERR:
+--------------------- Traceback (most recent call last) ---------------------+
| C:\Users\rpriy\AppData\Local\Programs\Python\Python311\Lib\site-packages\ma |
| nim\cli\render\commands.py:125 in render                                    |
|                                                                             |
|   122             try:                                                      |
|   123                 with tempconfig({}):                                  |
|   124                     scene = SceneClass()                              |
| > 125                     scene.render()                                    |
|   126             except Exception:                                         |
|   127                 error_console.print_exception()                       |
|   128                 sys.exit(1)                                           |
|                                                                             |
| C:\Users\rpriy\AppData\Local\Programs\Python\Python311\Lib\site-packages\ma |
| nim\scene\scene.py:259 in render                                            |
|                                                                             |
|    256         """                                                          |
|    257         self.setup()                                                 |
|    258         try:                                                         |
| >  259             self.construct()                                         |
|    260         except EndSceneEarlyException:                               |
|    261             pass                                                     |
|    262         except RerunSceneException:                                  |
|                                                                             |
| D:\2026\POCs\EduReelADK\output\de60982e\manim\segment_4.py:62 in construct  |
|                                                                             |
|    59             full_eq_tex.get_part_by_tex("6CO_2"),                     |
|    60             full_eq_tex.get_part_by_tex("+"),                         |
|    61             full_eq_tex.get_part_by_tex("6H_2O"),                     |
| >  62             full_eq_tex.get_part_by_tex("+", substring=False)[1],     |
|    63             full_eq_tex.get_part_by_tex("Light"),                     |
|    64             full_eq_tex.get_part_by_tex("rightarrow")                 |
|    65         )                                                             |
|                                                                             |
| C:\Users\rpriy\AppData\Local\Programs\Python\Python311\Lib\site-packages\ma |
| nim\mobject\mobject.py:2438 in __getitem__                                  |
|                                                                             |
|   2435         if isinstance(value, slice):                                 |
|   2436             GroupClass = self.get_group_class()                      |
|   2437             return GroupClass(*self_list.__getitem__(value))         |
| > 2438         return self_list.__getitem__(value)                          |
|   2439                                                                      |
|   2440     def __iter__(self):                                              |
|   2441         return iter(self.split())                                    |
+-----------------------------------------------------------------------------+
IndexError: list index out of range
--------------------------------------------------
--- Manim Render Output for Segment4Scene ---
STDOUT:
Manim Community v0.20.1

[04/06/26 21:00:56] WARNING  Output format changed to '.mov' to   utils.py:1449
                             support transparency                              

STDERR:
+--------------------- Traceback (most recent call last) ---------------------+
| C:\Users\rpriy\AppData\Local\Programs\Python\Python311\Lib\site-packages\ma |
| nim\cli\render\commands.py:125 in render                                    |
|                                                                             |
|   122             try:                                                      |
|   123                 with tempconfig({}):                                  |
|   124                     scene = SceneClass()                              |
| > 125                     scene.render()                                    |
|   126             except Exception:                                         |
|   127                 error_console.print_exception()                       |
|   128                 sys.exit(1)                                           |
|                                                                             |
| C:\Users\rpriy\AppData\Local\Programs\Python\Python311\Lib\site-packages\ma |
| nim\scene\scene.py:259 in render                                            |
|                                                                             |
|    256         """                                                          |
|    257         self.setup()                                                 |
|    258         try:                                                         |
| >  259             self.construct()                                         |
|    260         except EndSceneEarlyException:                               |
|    261             pass                                                     |
|    262         except RerunSceneException:                                  |
|                                                                             |
| D:\2026\POCs\EduReelADK\output\de60982e\manim\segment_4.py:62 in construct  |
|                                                                             |
|    59             full_eq_tex.get_part_by_tex("6CO_2"),                     |
|    60             full_eq_tex.get_part_by_tex("+"),                         |
|    61             full_eq_tex.get_part_by_tex("6H_2O"),                     |
| >  62             full_eq_tex.get_part_by_tex("+", substring=False)[1],     |
|    63             full_eq_tex.get_part_by_tex("Light Energy"),              |
|    64             full_eq_tex.get_part_by_tex("rightarrow")                 |
|    65         )                                                             |
|                                                                             |
| C:\Users\rpriy\AppData\Local\Programs\Python\Python311\Lib\site-packages\ma |
| nim\mobject\mobject.py:2438 in __getitem__                                  |
|                                                                             |
|   2435         if isinstance(value, slice):                                 |
|   2436             GroupClass = self.get_group_class()                      |
|   2437             return GroupClass(*self_list.__getitem__(value))         |
| > 2438         return self_list.__getitem__(value)                          |
|   2439                                                                      |
|   2440     def __iter__(self):                                              |
|   2441         return iter(self.split())                                    |
+-----------------------------------------------------------------------------+
IndexError: list index out of range
--------------------------------------------------
--- Manim Render Output for Segment4Scene ---
STDOUT:
Manim Community v0.20.1

[04/06/26 21:01:42] WARNING  Output format changed to '.mov' to   utils.py:1449
                             support transparency                              

STDERR:
+--------------------- Traceback (most recent call last) ---------------------+
| C:\Users\rpriy\AppData\Local\Programs\Python\Python311\Lib\site-packages\ma |
| nim\cli\render\commands.py:125 in render                                    |
|                                                                             |
|   122             try:                                                      |
|   123                 with tempconfig({}):                                  |
|   124                     scene = SceneClass()                              |
| > 125                     scene.render()                                    |
|   126             except Exception:                                         |
|   127                 error_console.print_exception()                       |
|   128                 sys.exit(1)                                           |
|                                                                             |
| C:\Users\rpriy\AppData\Local\Programs\Python\Python311\Lib\site-packages\ma |
| nim\scene\scene.py:259 in render                                            |
|                                                                             |
|    256         """                                                          |
|    257         self.setup()                                                 |
|    258         try:                                                         |
| >  259             self.construct()                                         |
|    260         except EndSceneEarlyException:                               |
|    261             pass                                                     |
|    262         except RerunSceneException:                                  |
|                                                                             |
| D:\2026\POCs\EduReelADK\output\de60982e\manim\segment_4.py:58 in construct  |
|                                                                             |
|    55         ).scale(0.9).to_edge(UP)                                      |
|    56                                                                       |
|    57         # Color the "Light Energy" part first                         |
| >  58         full_eq_tex.get_part_by_tex("Light Energy").set_color(YELLOW) |
|    59                                                                       |
|    60         # Create a VGroup for the reactants part of the equation for  |
|    61         reactants_eq = VGroup(                                        |
+-----------------------------------------------------------------------------+
AttributeError: 'NoneType' object has no attribute 'set_color'
--------------------------------------------------
--- Manim Render Output for Segment4Scene ---
STDOUT:
Manim Community v0.20.1

[04/06/26 21:01:45] WARNING  Output format changed to '.mov' to   utils.py:1449
                             support transparency                              
[04/06/26 21:01:47] INFO     Animation 0 : Partial     scene_file_writer.py:601
                             movie file written in                             
                             'D:\2026\POCs\EduReelADK\                         
                             output\de60982e\manim\out                         
                             put\de60982e\manim\videos                         
                             \segment_4\480p15\partial                         
                             _movie_files\Segment4Scen                         
                             e\3543656982_2708452803_3                         
                             939010958.mov'                                    
                    INFO     Animation 1 : Partial     scene_file_writer.py:601
                             movie file written in                             
                             'D:\2026\POCs\EduReelADK\                         
                             output\de60982e\manim\out                         
                             put\de60982e\manim\videos                         
                             \segment_4\480p15\partial                         
                             _movie_files\Segment4Scen                         
                             e\1747226900_3994277218_3                         
                             996182797.mov'                                    
                    INFO     Animation 2 : Partial     scene_file_writer.py:601
                             movie file written in                             
                             'D:\2026\POCs\EduReelADK\                         
                             output\de60982e\manim\out                         
                             put\de60982e\manim\videos                         
                             \segment_4\480p15\partial                         
                             _movie_files\Segment4Scen                         
                             e\1747226900_4246357399_1                         
                             949844141.mov'                                    
[04/06/26 21:01:48] INFO     Animation 3 : Partial     scene_file_writer.py:601
                             movie file written in                             
                             'D:\2026\POCs\EduReelADK\                         
                             output\de60982e\manim\out                         
                             put\de60982e\manim\videos                         
                             \segment_4\480p15\partial                         
                             _movie_files\Segment4Scen                         
                             e\1747226900_3553496512_1                         
                             959481045.mov'                                    
[04/06/26 21:01:49] INFO     Animation 4 : Partial     scene_file_writer.py:601
                             movie file written in                             
                             'D:\2026\POCs\EduReelADK\                         
                             output\de60982e\manim\out                         
                             put\de60982e\manim\videos                         
                             \segment_4\480p15\partial                         
                             _movie_files\Segment4Scen                         
                             e\1747226900_3366045169_1                         
                             075045854.mov'                                    
                    INFO     Combining to Movie file.  scene_file_writer.py:753
                    INFO                               scene_file_writer.py:904
                             File ready at                                     
                             'D:\2026\POCs\EduReelADK\                         
                             output\de60982e\manim\out                         
                             put\de60982e\manim\videos                         
                             \segment_4\480p15\Segment                         
                             4Scene.mov'                                       
                                                                               
                    INFO     Rendered Segment4Scene                scene.py:278
                             Played 5 animations                               

STDERR:

Animation 0: FadeIn(RoundedRectangle):   0%|          | 0/8 [00:00<?, ?it/s]
                                                                            

Animation 1: Write(Text("Photosynthesis: Earth's Breath\nof Life!")):   0%|          | 0/15 [00:00<?, ?it/s]
Animation 1: Write(Text("Photosynthesis: Earth's Breath\nof Life!")):  93%|#########3| 14/15 [00:00<00:00, 138.67it/s]
                                                                                                                      

Animation 2: Create(Line):   0%|          | 0/8 [00:00<?, ?it/s]
                                                                

Animation 3: FadeIn(Text("...then, with a zap of sunlight, they\ncook up glucose, their food, and release\noxygen as a bonus! It's pure magic!")):   0%|          | 0/15 [00:00<?, ?it/s]
Animation 3: FadeIn(Text("...then, with a zap of sunlight, they\ncook up glucose, their food, and release\noxygen as a bonus! It's pure magic!")):  40%|####      | 6/15 [00:00<00:00, 58.93it/s]
Animation 3: FadeIn(Text("...then, with a zap of sunlight, they\ncook up glucose, their food, and release\noxygen as a bonus! It's pure magic!")):  87%|########6 | 13/15 [00:00<00:00, 59.71it/s]
                                                                                                                                                                                                  
--------------------------------------------------
