--- Manim Render Output for Segment4Scene ---
STDOUT:
Manim Community v0.20.1

[04/01/26 23:50:50] INFO     Writing                    tex_file_writing.py:110
                             \special{dvisvgm:raw <g                           
                             id='unique000'>}6CO_2                             
                             \special{dvisvgm:raw                              
                             </g>}\special{dvisvgm:raw                         
                             <g id='unique001'>}+                              
                             \special{dvisvgm:raw                              
                             </g>}\special{dvisvgm:raw                         
                             <g                                                
                             id='unique002'>}6H_2O\spec                        
                             ial{dvisvgm:raw </g>} to                          
                             output\4c273051\manim\Tex\                        
                             72a7fd29fc858eb4.tex                              
[04/01/26 23:50:52] INFO     Writing                    tex_file_writing.py:110
                             \special{dvisvgm:raw <g                           
                             id='unique000'>}\rightarro                        
                             w\special{dvisvgm:raw                             
                             </g>} to                                          
                             output\4c273051\manim\Tex\                        
                             e39d1735f376711b.tex                              
[04/01/26 23:50:54] INFO     Writing                    tex_file_writing.py:110
                             \special{dvisvgm:raw <g                           
                             id='unique000'>}C_6H_{12}O                        
                             _6\special{dvisvgm:raw                            
                             </g>} to                                          
                             output\4c273051\manim\Tex\                        
                             33ee016b4b7b23a0.tex                              
[04/01/26 23:50:55] INFO     Writing                    tex_file_writing.py:110
                             \special{dvisvgm:raw <g                           
                             id='unique000'>}6O_2\speci                        
                             al{dvisvgm:raw </g>} to                           
                             output\4c273051\manim\Tex\                        
                             1fd894efd656ae86.tex                              
[04/01/26 23:50:57] INFO     Animation 0 : Partial     scene_file_writer.py:601
                             movie file written in                             
                             'D:\2026\POCs\EduReelADK\                         
                             output\4c273051\manim\out                         
                             put\4c273051\manim\videos                         
                             \segment_4\480p15\partial                         
                             _movie_files\Segment4Scen                         
                             e\1584795214_2574473371_1                         
                             206111939.mp4'                                    
                    INFO     Animation 1 : Partial     scene_file_writer.py:601
                             movie file written in                             
                             'D:\2026\POCs\EduReelADK\                         
                             output\4c273051\manim\out                         
                             put\4c273051\manim\videos                         
                             \segment_4\480p15\partial                         
                             _movie_files\Segment4Scen                         
                             e\4072820271_2571421678_3                         
                             008678488.mp4'                                    
                    INFO     Animation 2 : Partial     scene_file_writer.py:601
                             movie file written in                             
                             'D:\2026\POCs\EduReelADK\                         
                             output\4c273051\manim\out                         
                             put\4c273051\manim\videos                         
                             \segment_4\480p15\partial                         
                             _movie_files\Segment4Scen                         
                             e\4072820271_4272076622_1                         
                             180895966.mp4'                                    
[04/01/26 23:50:58] INFO     Animation 3 : Partial     scene_file_writer.py:601
                             movie file written in                             
                             'D:\2026\POCs\EduReelADK\                         
                             output\4c273051\manim\out                         
                             put\4c273051\manim\videos                         
                             \segment_4\480p15\partial                         
                             _movie_files\Segment4Scen                         
                             e\4072820271_776478714_14                         
                             45035307.mp4'                                     
                    INFO     Writing                    tex_file_writing.py:110
                             \special{dvisvgm:raw <g                           
                             id='unique000'>}Glucose\sp                        
                             ecial{dvisvgm:raw </g>} to                        
                             output\4c273051\manim\Tex\                        
                             1a8758200ba0f369.tex                              
[04/01/26 23:51:00] INFO     Writing                    tex_file_writing.py:110
                             \special{dvisvgm:raw <g                           
                             id='unique000'>}Oxygen\spe                        
                             cial{dvisvgm:raw </g>} to                         
                             output\4c273051\manim\Tex\                        
                             b4dd71b2fbdd1298.tex                              
[04/01/26 23:51:02] INFO     Animation 4 : Partial     scene_file_writer.py:601
                             movie file written in                             
                             'D:\2026\POCs\EduReelADK\                         
                             output\4c273051\manim\out                         
                             put\4c273051\manim\videos                         
                             \segment_4\480p15\partial                         
                             _movie_files\Segment4Scen                         
                             e\4072820271_910579789_40                         
                             01934983.mp4'                                     
                    INFO     Animation 5 : Partial     scene_file_writer.py:601
                             movie file written in                             
                             'D:\2026\POCs\EduReelADK\                         
                             output\4c273051\manim\out                         
                             put\4c273051\manim\videos                         
                             \segment_4\480p15\partial                         
                             _movie_files\Segment4Scen                         
                             e\4072820271_2576020560_2                         
                             653630554.mp4'                                    
                    INFO     Animation 6 : Partial     scene_file_writer.py:601
                             movie file written in                             
                             'D:\2026\POCs\EduReelADK\                         
                             output\4c273051\manim\out                         
                             put\4c273051\manim\videos                         
                             \segment_4\480p15\partial                         
                             _movie_files\Segment4Scen                         
                             e\4072820271_3879742308_9                         
                             16089825.mp4'                                     
                    INFO     Animation 7 : Partial     scene_file_writer.py:601
                             movie file written in                             
                             'D:\2026\POCs\EduReelADK\                         
                             output\4c273051\manim\out                         
                             put\4c273051\manim\videos                         
                             \segment_4\480p15\partial                         
                             _movie_files\Segment4Scen                         
                             e\4072820271_4217992463_3                         
                             468138707.mp4'                                    
                    INFO     Combining to Movie file.  scene_file_writer.py:753
                    INFO                               scene_file_writer.py:904
                             File ready at                                     
                             'D:\2026\POCs\EduReelADK\                         
                             output\4c273051\manim\out                         
                             put\4c273051\manim\videos                         
                             \segment_4\480p15\Segment                         
                             4Scene.mp4'                                       
                                                                               
                    INFO     Rendered Segment4Scene                scene.py:278
                             Played 8 animations                               

STDERR:

Animation 1: Create(MathTex('\\rightarrow')):   0%|          | 0/15 [00:00<?, ?it/s]
                                                                                    

Animation 2: Write(MathTex('C_6H_{12}O_6')):   0%|          | 0/23 [00:00<?, ?it/s]
                                                                                   

Animation 3: Write(MathTex('+')), etc.:   0%|          | 0/23 [00:00<?, ?it/s]
                                                                              

Animation 4: FadeIn(Tex('Glucose')), etc.:   0%|          | 0/15 [00:00<?, ?it/s]
                                                                                 

Animation 5: LaggedStart(Group):   0%|          | 0/23 [00:00<?, ?it/s]
                                                                       

Animation 6: FadeOut(Tex('Glucose')), etc.:   0%|          | 0/15 [00:00<?, ?it/s]
                                                                                  
--------------------------------------------------
